[INFO  - 2016-06-15T01:39:34.859Z] GhostDriver - Main - running on port 3713
[INFO  - 2016-06-15T01:39:34.993Z] Session [03b4c5f0-329a-11e6-b902-830df22ee52d] - page.settings - {"XSSAuditingEnabled":false,"javascriptCanCloseWindows":true,"javascriptCanOpenWindows":true,"javascriptEnabled":true,"loadImages":true,"localToRemoteUrlAccessEnabled":false,"userAgent":"Mozilla/5.0 (Unknown; Linux x86_64) AppleWebKit/538.1 (KHTML, like Gecko) PhantomJS/2.1.1 Safari/538.1","webSecurityEnabled":true}
[INFO  - 2016-06-15T01:39:34.993Z] Session [03b4c5f0-329a-11e6-b902-830df22ee52d] - page.customHeaders:  - {}
[INFO  - 2016-06-15T01:39:34.993Z] Session [03b4c5f0-329a-11e6-b902-830df22ee52d] - Session.negotiatedCapabilities - {"browserName":"phantomjs","version":"2.1.1","driverName":"ghostdriver","driverVersion":"1.2.0","platform":"linux-unknown-64bit","javascriptEnabled":true,"takesScreenshot":true,"handlesAlerts":false,"databaseEnabled":false,"locationContextEnabled":false,"applicationCacheEnabled":false,"browserConnectionEnabled":false,"cssSelectorsEnabled":true,"webStorageEnabled":false,"rotatable":false,"acceptSslCerts":false,"nativeEvents":true,"proxy":{"proxyType":"direct"}}
[INFO  - 2016-06-15T01:39:34.993Z] SessionManagerReqHand - _postNewSessionCommand - New Session Created: 03b4c5f0-329a-11e6-b902-830df22ee52d
[INFO  - 2016-06-15T01:42:11.406Z] GhostDriver - Main - running on port 1684
[INFO  - 2016-06-15T01:42:11.538Z] Session [6103a500-329a-11e6-9453-830a6c30ae70] - page.settings - {"XSSAuditingEnabled":false,"javascriptCanCloseWindows":true,"javascriptCanOpenWindows":true,"javascriptEnabled":true,"loadImages":true,"localToRemoteUrlAccessEnabled":false,"userAgent":"Mozilla/5.0 (Unknown; Linux x86_64) AppleWebKit/538.1 (KHTML, like Gecko) PhantomJS/2.1.1 Safari/538.1","webSecurityEnabled":true}
[INFO  - 2016-06-15T01:42:11.539Z] Session [6103a500-329a-11e6-9453-830a6c30ae70] - page.customHeaders:  - {}
[INFO  - 2016-06-15T01:42:11.539Z] Session [6103a500-329a-11e6-9453-830a6c30ae70] - Session.negotiatedCapabilities - {"browserName":"phantomjs","version":"2.1.1","driverName":"ghostdriver","driverVersion":"1.2.0","platform":"linux-unknown-64bit","javascriptEnabled":true,"takesScreenshot":true,"handlesAlerts":false,"databaseEnabled":false,"locationContextEnabled":false,"applicationCacheEnabled":false,"browserConnectionEnabled":false,"cssSelectorsEnabled":true,"webStorageEnabled":false,"rotatable":false,"acceptSslCerts":false,"nativeEvents":true,"proxy":{"proxyType":"direct"}}
[INFO  - 2016-06-15T01:42:11.539Z] SessionManagerReqHand - _postNewSessionCommand - New Session Created: 6103a500-329a-11e6-9453-830a6c30ae70
[INFO  - 2016-06-15T01:44:20.195Z] GhostDriver - Main - running on port 27226
[INFO  - 2016-06-15T01:44:20.315Z] Session [adc54d80-329a-11e6-a08c-03f0aba6369f] - page.settings - {"XSSAuditingEnabled":false,"javascriptCanCloseWindows":true,"javascriptCanOpenWindows":true,"javascriptEnabled":true,"loadImages":true,"localToRemoteUrlAccessEnabled":false,"userAgent":"Mozilla/5.0 (Unknown; Linux x86_64) AppleWebKit/538.1 (KHTML, like Gecko) PhantomJS/2.1.1 Safari/538.1","webSecurityEnabled":true}
[INFO  - 2016-06-15T01:44:20.315Z] Session [adc54d80-329a-11e6-a08c-03f0aba6369f] - page.customHeaders:  - {}
[INFO  - 2016-06-15T01:44:20.315Z] Session [adc54d80-329a-11e6-a08c-03f0aba6369f] - Session.negotiatedCapabilities - {"browserName":"phantomjs","version":"2.1.1","driverName":"ghostdriver","driverVersion":"1.2.0","platform":"linux-unknown-64bit","javascriptEnabled":true,"takesScreenshot":true,"handlesAlerts":false,"databaseEnabled":false,"locationContextEnabled":false,"applicationCacheEnabled":false,"browserConnectionEnabled":false,"cssSelectorsEnabled":true,"webStorageEnabled":false,"rotatable":false,"acceptSslCerts":false,"nativeEvents":true,"proxy":{"proxyType":"direct"}}
[INFO  - 2016-06-15T01:44:20.315Z] SessionManagerReqHand - _postNewSessionCommand - New Session Created: adc54d80-329a-11e6-a08c-03f0aba6369f
[INFO  - 2016-06-15T01:44:35.746Z] SessionManagerReqHand - _cleanupWindowlessSessions - Asynchronous Sessions clean-up phase starting NOW
[INFO  - 2016-06-15T01:47:10.127Z] GhostDriver - Main - running on port 27157
[INFO  - 2016-06-15T01:47:10.220Z] Session [130abf90-329b-11e6-8079-9b15a1fc2520] - page.settings - {"XSSAuditingEnabled":false,"javascriptCanCloseWindows":true,"javascriptCanOpenWindows":true,"javascriptEnabled":true,"loadImages":true,"localToRemoteUrlAccessEnabled":false,"userAgent":"Mozilla/5.0 (Unknown; Linux x86_64) AppleWebKit/538.1 (KHTML, like Gecko) PhantomJS/2.1.1 Safari/538.1","webSecurityEnabled":true}
[INFO  - 2016-06-15T01:47:10.220Z] Session [130abf90-329b-11e6-8079-9b15a1fc2520] - page.customHeaders:  - {}
[INFO  - 2016-06-15T01:47:10.220Z] Session [130abf90-329b-11e6-8079-9b15a1fc2520] - Session.negotiatedCapabilities - {"browserName":"phantomjs","version":"2.1.1","driverName":"ghostdriver","driverVersion":"1.2.0","platform":"linux-unknown-64bit","javascriptEnabled":true,"takesScreenshot":true,"handlesAlerts":false,"databaseEnabled":false,"locationContextEnabled":false,"applicationCacheEnabled":false,"browserConnectionEnabled":false,"cssSelectorsEnabled":true,"webStorageEnabled":false,"rotatable":false,"acceptSslCerts":false,"nativeEvents":true,"proxy":{"proxyType":"direct"}}
[INFO  - 2016-06-15T01:47:10.220Z] SessionManagerReqHand - _postNewSessionCommand - New Session Created: 130abf90-329b-11e6-8079-9b15a1fc2520
[INFO  - 2016-06-15T01:47:11.753Z] SessionManagerReqHand - _cleanupWindowlessSessions - Asynchronous Sessions clean-up phase starting NOW
[INFO  - 2016-06-15T01:49:20.746Z] SessionManagerReqHand - _cleanupWindowlessSessions - Asynchronous Sessions clean-up phase starting NOW
[INFO  - 2016-06-15T01:49:35.746Z] SessionManagerReqHand - _cleanupWindowlessSessions - Asynchronous Sessions clean-up phase starting NOW
